Determining if the pthread_create exist failed with the following output:
Change Dir: /home/ohashi/localization_kitti_ws/withous_catkin/limo/src/ceres-bin/CMakeFiles/CMakeTmp

Run Build Command:"/usr/bin/make" "cmTC_4bac9/fast"
/usr/bin/make -f CMakeFiles/cmTC_4bac9.dir/build.make CMakeFiles/cmTC_4bac9.dir/build
make[1]: Entering directory '/home/ohashi/localization_kitti_ws/withous_catkin/limo/src/ceres-bin/CMakeFiles/CMakeTmp'
Building C object CMakeFiles/cmTC_4bac9.dir/CheckSymbolExists.c.o
/usr/bin/cc     -o CMakeFiles/cmTC_4bac9.dir/CheckSymbolExists.c.o   -c /home/ohashi/localization_kitti_ws/withous_catkin/limo/src/ceres-bin/CMakeFiles/CMakeTmp/CheckSymbolExists.c
Linking C executable cmTC_4bac9
/usr/bin/cmake -E cmake_link_script CMakeFiles/cmTC_4bac9.dir/link.txt --verbose=1
/usr/bin/cc       CMakeFiles/cmTC_4bac9.dir/CheckSymbolExists.c.o  -o cmTC_4bac9 -rdynamic 
CMakeFiles/cmTC_4bac9.dir/CheckSymbolExists.c.o: In function `main':
CheckSymbolExists.c:(.text+0x16): undefined reference to `pthread_create'
collect2: error: ld returned 1 exit status
CMakeFiles/cmTC_4bac9.dir/build.make:97: recipe for target 'cmTC_4bac9' failed
make[1]: *** [cmTC_4bac9] Error 1
make[1]: Leaving directory '/home/ohashi/localization_kitti_ws/withous_catkin/limo/src/ceres-bin/CMakeFiles/CMakeTmp'
Makefile:126: recipe for target 'cmTC_4bac9/fast' failed
make: *** [cmTC_4bac9/fast] Error 2

File /home/ohashi/localization_kitti_ws/withous_catkin/limo/src/ceres-bin/CMakeFiles/CMakeTmp/CheckSymbolExists.c:
/* */
#include <pthread.h>

int main(int argc, char** argv)
{
  (void)argv;
#ifndef pthread_create
  return ((int*)(&pthread_create))[argc];
#else
  (void)argc;
  return 0;
#endif
}

Determining if the function pthread_create exists in the pthreads failed with the following output:
Change Dir: /home/ohashi/localization_kitti_ws/withous_catkin/limo/src/ceres-bin/CMakeFiles/CMakeTmp

Run Build Command:"/usr/bin/make" "cmTC_de1ab/fast"
/usr/bin/make -f CMakeFiles/cmTC_de1ab.dir/build.make CMakeFiles/cmTC_de1ab.dir/build
make[1]: Entering directory '/home/ohashi/localization_kitti_ws/withous_catkin/limo/src/ceres-bin/CMakeFiles/CMakeTmp'
Building C object CMakeFiles/cmTC_de1ab.dir/CheckFunctionExists.c.o
/usr/bin/cc    -DCHECK_FUNCTION_EXISTS=pthread_create   -o CMakeFiles/cmTC_de1ab.dir/CheckFunctionExists.c.o   -c /usr/share/cmake-3.5/Modules/CheckFunctionExists.c
Linking C executable cmTC_de1ab
/usr/bin/cmake -E cmake_link_script CMakeFiles/cmTC_de1ab.dir/link.txt --verbose=1
/usr/bin/cc   -DCHECK_FUNCTION_EXISTS=pthread_create    CMakeFiles/cmTC_de1ab.dir/CheckFunctionExists.c.o  -o cmTC_de1ab -rdynamic -lpthreads 
/usr/bin/ld: cannot find -lpthreads
collect2: error: ld returned 1 exit status
CMakeFiles/cmTC_de1ab.dir/build.make:97: recipe for target 'cmTC_de1ab' failed
make[1]: *** [cmTC_de1ab] Error 1
make[1]: Leaving directory '/home/ohashi/localization_kitti_ws/withous_catkin/limo/src/ceres-bin/CMakeFiles/CMakeTmp'
Makefile:126: recipe for target 'cmTC_de1ab/fast' failed
make: *** [cmTC_de1ab/fast] Error 2


Determining if the include file unordered_map exists failed with the following output:
Change Dir: /home/ohashi/localization_kitti_ws/withous_catkin/limo/src/ceres-bin/CMakeFiles/CMakeTmp

Run Build Command:"/usr/bin/make" "cmTC_45b94/fast"
/usr/bin/make -f CMakeFiles/cmTC_45b94.dir/build.make CMakeFiles/cmTC_45b94.dir/build
make[1]: Entering directory '/home/ohashi/localization_kitti_ws/withous_catkin/limo/src/ceres-bin/CMakeFiles/CMakeTmp'
Building CXX object CMakeFiles/cmTC_45b94.dir/CheckIncludeFile.cxx.o
/usr/bin/c++     -fopenmp  -fopenmp   -o CMakeFiles/cmTC_45b94.dir/CheckIncludeFile.cxx.o -c /home/ohashi/localization_kitti_ws/withous_catkin/limo/src/ceres-bin/CMakeFiles/CMakeTmp/CheckIncludeFile.cxx
In file included from /usr/include/c++/5/unordered_map:35:0,
                 from /home/ohashi/localization_kitti_ws/withous_catkin/limo/src/ceres-bin/CMakeFiles/CMakeTmp/CheckIncludeFile.cxx:1:
/usr/include/c++/5/bits/c++0x_warning.h:32:2: error: #error This file requires compiler and library support for the ISO C++ 2011 standard. This support must be enabled with the -std=c++11 or -std=gnu++11 compiler options.
 #error This file requires compiler and library support \
  ^
CMakeFiles/cmTC_45b94.dir/build.make:65: recipe for target 'CMakeFiles/cmTC_45b94.dir/CheckIncludeFile.cxx.o' failed
make[1]: *** [CMakeFiles/cmTC_45b94.dir/CheckIncludeFile.cxx.o] Error 1
make[1]: Leaving directory '/home/ohashi/localization_kitti_ws/withous_catkin/limo/src/ceres-bin/CMakeFiles/CMakeTmp'
Makefile:126: recipe for target 'cmTC_45b94/fast' failed
make: *** [cmTC_45b94/fast] Error 2


Performing C++ SOURCE FILE Test HAVE_SHARED_PTR_IN_STD_NAMESPACE failed with the following output:
Change Dir: /home/ohashi/localization_kitti_ws/withous_catkin/limo/src/ceres-bin/CMakeFiles/CMakeTmp

Run Build Command:"/usr/bin/make" "cmTC_284d9/fast"
/usr/bin/make -f CMakeFiles/cmTC_284d9.dir/build.make CMakeFiles/cmTC_284d9.dir/build
make[1]: Entering directory '/home/ohashi/localization_kitti_ws/withous_catkin/limo/src/ceres-bin/CMakeFiles/CMakeTmp'
Building CXX object CMakeFiles/cmTC_284d9.dir/src.cxx.o
/usr/bin/c++     -fopenmp -DHAVE_SHARED_PTR_IN_STD_NAMESPACE  -fopenmp   -o CMakeFiles/cmTC_284d9.dir/src.cxx.o -c /home/ohashi/localization_kitti_ws/withous_catkin/limo/src/ceres-bin/CMakeFiles/CMakeTmp/src.cxx
/home/ohashi/localization_kitti_ws/withous_catkin/limo/src/ceres-bin/CMakeFiles/CMakeTmp/src.cxx: In function ‘int main()’:
/home/ohashi/localization_kitti_ws/withous_catkin/limo/src/ceres-bin/CMakeFiles/CMakeTmp/src.cxx:3:34: error: ‘shared_ptr’ is not a member of ‘std’
                                  std::shared_ptr<int> int_ptr;
                                  ^
/home/ohashi/localization_kitti_ws/withous_catkin/limo/src/ceres-bin/CMakeFiles/CMakeTmp/src.cxx:3:50: error: expected primary-expression before ‘int’
                                  std::shared_ptr<int> int_ptr;
                                                  ^
CMakeFiles/cmTC_284d9.dir/build.make:65: recipe for target 'CMakeFiles/cmTC_284d9.dir/src.cxx.o' failed
make[1]: *** [CMakeFiles/cmTC_284d9.dir/src.cxx.o] Error 1
make[1]: Leaving directory '/home/ohashi/localization_kitti_ws/withous_catkin/limo/src/ceres-bin/CMakeFiles/CMakeTmp'
Makefile:126: recipe for target 'cmTC_284d9/fast' failed
make: *** [cmTC_284d9/fast] Error 2

Source file was:
#include <memory>
                               int main() {
                                 std::shared_ptr<int> int_ptr;
                                 return 0;
                               }
Performing C++ SOURCE FILE Test HAVE_SHARED_PTR_IN_TR1_NAMESPACE failed with the following output:
Change Dir: /home/ohashi/localization_kitti_ws/withous_catkin/limo/src/ceres-bin/CMakeFiles/CMakeTmp

Run Build Command:"/usr/bin/make" "cmTC_72f51/fast"
/usr/bin/make -f CMakeFiles/cmTC_72f51.dir/build.make CMakeFiles/cmTC_72f51.dir/build
make[1]: Entering directory '/home/ohashi/localization_kitti_ws/withous_catkin/limo/src/ceres-bin/CMakeFiles/CMakeTmp'
Building CXX object CMakeFiles/cmTC_72f51.dir/src.cxx.o
/usr/bin/c++     -fopenmp -DHAVE_SHARED_PTR_IN_TR1_NAMESPACE  -fopenmp   -o CMakeFiles/cmTC_72f51.dir/src.cxx.o -c /home/ohashi/localization_kitti_ws/withous_catkin/limo/src/ceres-bin/CMakeFiles/CMakeTmp/src.cxx
/home/ohashi/localization_kitti_ws/withous_catkin/limo/src/ceres-bin/CMakeFiles/CMakeTmp/src.cxx: In function ‘int main()’:
/home/ohashi/localization_kitti_ws/withous_catkin/limo/src/ceres-bin/CMakeFiles/CMakeTmp/src.cxx:3:41: error: ‘std::tr1’ has not been declared
                                    std::tr1::shared_ptr<int> int_ptr;
                                         ^
/home/ohashi/localization_kitti_ws/withous_catkin/limo/src/ceres-bin/CMakeFiles/CMakeTmp/src.cxx:3:57: error: expected primary-expression before ‘int’
                                    std::tr1::shared_ptr<int> int_ptr;
                                                         ^
CMakeFiles/cmTC_72f51.dir/build.make:65: recipe for target 'CMakeFiles/cmTC_72f51.dir/src.cxx.o' failed
make[1]: *** [CMakeFiles/cmTC_72f51.dir/src.cxx.o] Error 1
make[1]: Leaving directory '/home/ohashi/localization_kitti_ws/withous_catkin/limo/src/ceres-bin/CMakeFiles/CMakeTmp'
Makefile:126: recipe for target 'cmTC_72f51/fast' failed
make: *** [cmTC_72f51/fast] Error 2

Source file was:
#include <memory>
                                 int main() {
                                   std::tr1::shared_ptr<int> int_ptr;
                                   return 0;
                                 }
Performing C++ SOURCE FILE Test CXX11_MATH_FUNCTIONS_FOUND failed with the following output:
Change Dir: /home/ohashi/localization_kitti_ws/withous_catkin/limo/src/ceres-bin/CMakeFiles/CMakeTmp

Run Build Command:"/usr/bin/make" "cmTC_61afa/fast"
/usr/bin/make -f CMakeFiles/cmTC_61afa.dir/build.make CMakeFiles/cmTC_61afa.dir/build
make[1]: Entering directory '/home/ohashi/localization_kitti_ws/withous_catkin/limo/src/ceres-bin/CMakeFiles/CMakeTmp'
Building CXX object CMakeFiles/cmTC_61afa.dir/src.cxx.o
/usr/bin/c++     -fopenmp -DCXX11_MATH_FUNCTIONS_FOUND  -fopenmp   -o CMakeFiles/cmTC_61afa.dir/src.cxx.o -c /home/ohashi/localization_kitti_ws/withous_catkin/limo/src/ceres-bin/CMakeFiles/CMakeTmp/src.cxx
/home/ohashi/localization_kitti_ws/withous_catkin/limo/src/ceres-bin/CMakeFiles/CMakeTmp/src.cxx:3:37: error: ‘constexpr’ does not name a type
                              static constexpr size_t kMaxAlignBytes = alignof(std::max_align_t);
                                     ^
/home/ohashi/localization_kitti_ws/withous_catkin/limo/src/ceres-bin/CMakeFiles/CMakeTmp/src.cxx:3:37: note: C++11 ‘constexpr’ only available with -std=c++11 or -std=gnu++11
/home/ohashi/localization_kitti_ws/withous_catkin/limo/src/ceres-bin/CMakeFiles/CMakeTmp/src.cxx: In function ‘int main()’:
/home/ohashi/localization_kitti_ws/withous_catkin/limo/src/ceres-bin/CMakeFiles/CMakeTmp/src.cxx:5:33: error: ‘cbrt’ is not a member of ‘std’
                                 std::cbrt(1.0);
                                 ^
/home/ohashi/localization_kitti_ws/withous_catkin/limo/src/ceres-bin/CMakeFiles/CMakeTmp/src.cxx:5:33: note: suggested alternative:
In file included from /usr/include/features.h:367:0,
                 from /usr/include/x86_64-linux-gnu/c++/5/bits/os_defines.h:39,
                 from /usr/include/x86_64-linux-gnu/c++/5/bits/c++config.h:482,
                 from /usr/include/c++/5/cmath:41,
                 from /home/ohashi/localization_kitti_ws/withous_catkin/limo/src/ceres-bin/CMakeFiles/CMakeTmp/src.cxx:1:
/usr/include/x86_64-linux-gnu/bits/mathcalls.h:169:1: note:   ‘cbrt’
 __MATHCALL (cbrt,, (_Mdouble_ __x));
 ^
/home/ohashi/localization_kitti_ws/withous_catkin/limo/src/ceres-bin/CMakeFiles/CMakeTmp/src.cxx:6:33: error: ‘exp2’ is not a member of ‘std’
                                 std::exp2(1.0);
                                 ^
/home/ohashi/localization_kitti_ws/withous_catkin/limo/src/ceres-bin/CMakeFiles/CMakeTmp/src.cxx:6:33: note: suggested alternative:
In file included from /usr/include/features.h:367:0,
                 from /usr/include/x86_64-linux-gnu/c++/5/bits/os_defines.h:39,
                 from /usr/include/x86_64-linux-gnu/c++/5/bits/c++config.h:482,
                 from /usr/include/c++/5/cmath:41,
                 from /home/ohashi/localization_kitti_ws/withous_catkin/limo/src/ceres-bin/CMakeFiles/CMakeTmp/src.cxx:1:
/usr/include/x86_64-linux-gnu/bits/mathcalls.h:141:1: note:   ‘exp2’
 __MATHCALL (exp2,, (_Mdouble_ __x));
 ^
/home/ohashi/localization_kitti_ws/withous_catkin/limo/src/ceres-bin/CMakeFiles/CMakeTmp/src.cxx:7:33: error: ‘log2’ is not a member of ‘std’
                                 std::log2(1.0);
                                 ^
/home/ohashi/localization_kitti_ws/withous_catkin/limo/src/ceres-bin/CMakeFiles/CMakeTmp/src.cxx:7:33: note: suggested alternative:
In file included from /usr/include/features.h:367:0,
                 from /usr/include/x86_64-linux-gnu/c++/5/bits/os_defines.h:39,
                 from /usr/include/x86_64-linux-gnu/c++/5/bits/c++config.h:482,
                 from /usr/include/c++/5/cmath:41,
                 from /home/ohashi/localization_kitti_ws/withous_catkin/limo/src/ceres-bin/CMakeFiles/CMakeTmp/src.cxx:1:
/usr/include/x86_64-linux-gnu/bits/mathcalls.h:144:1: note:   ‘log2’
 __MATHCALL (log2,, (_Mdouble_ __x));
 ^
/home/ohashi/localization_kitti_ws/withous_catkin/limo/src/ceres-bin/CMakeFiles/CMakeTmp/src.cxx:8:33: error: ‘hypot’ is not a member of ‘std’
                                 std::hypot(1.0, 1.0);
                                 ^
/home/ohashi/localization_kitti_ws/withous_catkin/limo/src/ceres-bin/CMakeFiles/CMakeTmp/src.cxx:8:33: note: suggested alternative:
In file included from /usr/include/features.h:367:0,
                 from /usr/include/x86_64-linux-gnu/c++/5/bits/os_defines.h:39,
                 from /usr/include/x86_64-linux-gnu/c++/5/bits/c++config.h:482,
                 from /usr/include/c++/5/cmath:41,
                 from /home/ohashi/localization_kitti_ws/withous_catkin/limo/src/ceres-bin/CMakeFiles/CMakeTmp/src.cxx:1:
/usr/include/x86_64-linux-gnu/bits/mathcalls.h:162:1: note:   ‘hypot’
 __MATHCALL (hypot,, (_Mdouble_ __x, _Mdouble_ __y));
 ^
/home/ohashi/localization_kitti_ws/withous_catkin/limo/src/ceres-bin/CMakeFiles/CMakeTmp/src.cxx:9:33: error: ‘fmax’ is not a member of ‘std’
                                 std::fmax(1.0, 1.0);
                                 ^
/home/ohashi/localization_kitti_ws/withous_catkin/limo/src/ceres-bin/CMakeFiles/CMakeTmp/src.cxx:9:33: note: suggested alternative:
In file included from /usr/include/features.h:367:0,
                 from /usr/include/x86_64-linux-gnu/c++/5/bits/os_defines.h:39,
                 from /usr/include/x86_64-linux-gnu/c++/5/bits/c++config.h:482,
                 from /usr/include/c++/5/cmath:41,
                 from /home/ohashi/localization_kitti_ws/withous_catkin/limo/src/ceres-bin/CMakeFiles/CMakeTmp/src.cxx:1:
/usr/include/x86_64-linux-gnu/bits/mathcalls.h:350:1: note:   ‘fmax’
 __MATHCALLX (fmax,, (_Mdouble_ __x, _Mdouble_ __y), (__const__));
 ^
/home/ohashi/localization_kitti_ws/withous_catkin/limo/src/ceres-bin/CMakeFiles/CMakeTmp/src.cxx:10:33: error: ‘fmin’ is not a member of ‘std’
                                 std::fmin(1.0, 1.0);
                                 ^
/home/ohashi/localization_kitti_ws/withous_catkin/limo/src/ceres-bin/CMakeFiles/CMakeTmp/src.cxx:10:33: note: suggested alternative:
In file included from /usr/include/features.h:367:0,
                 from /usr/include/x86_64-linux-gnu/c++/5/bits/os_defines.h:39,
                 from /usr/include/x86_64-linux-gnu/c++/5/bits/c++config.h:482,
                 from /usr/include/c++/5/cmath:41,
                 from /home/ohashi/localization_kitti_ws/withous_catkin/limo/src/ceres-bin/CMakeFiles/CMakeTmp/src.cxx:1:
/usr/include/x86_64-linux-gnu/bits/mathcalls.h:353:1: note:   ‘fmin’
 __MATHCALLX (fmin,, (_Mdouble_ __x, _Mdouble_ __y), (__const__));
 ^
CMakeFiles/cmTC_61afa.dir/build.make:65: recipe for target 'CMakeFiles/cmTC_61afa.dir/src.cxx.o' failed
make[1]: *** [CMakeFiles/cmTC_61afa.dir/src.cxx.o] Error 1
make[1]: Leaving directory '/home/ohashi/localization_kitti_ws/withous_catkin/limo/src/ceres-bin/CMakeFiles/CMakeTmp'
Makefile:126: recipe for target 'cmTC_61afa/fast' failed
make: *** [cmTC_61afa/fast] Error 2

Source file was:
#include <cmath>
                             #include <cstddef>
                             static constexpr size_t kMaxAlignBytes = alignof(std::max_align_t);
                             int main() {
                                std::cbrt(1.0);
                                std::exp2(1.0);
                                std::log2(1.0);
                                std::hypot(1.0, 1.0);
                                std::fmax(1.0, 1.0);
                                std::fmin(1.0, 1.0);
                                return 0;
                             }
